# JRE version: OpenJDK Runtime Environment (8.0_242-b01) (build 1.8.0_242-release-1644-b01)
# Java VM: OpenJDK 64-Bit Server VM (25.242-b01 mixed mode windows-amd64 compressed oops)
Heap:
 PSYoungGen      total 158208K, used 98567K [0x00000000e0000000, 0x00000000eaf00000, 0x0000000100000000)
  eden space 145408K, 59% used [0x00000000e0000000,0x00000000e53c9bd0,0x00000000e8e00000)
  from space 12800K, 99% used [0x00000000e8f80000,0x00000000e9bf8060,0x00000000e9c00000)
  to   space 16896K, 0% used [0x00000000e9e80000,0x00000000e9e80000,0x00000000eaf00000)
 ParOldGen       total 125440K, used 40714K [0x00000000a0000000, 0x00000000a7a80000, 0x00000000e0000000)
  object space 125440K, 32% used [0x00000000a0000000,0x00000000a27c2a28,0x00000000a7a80000)
 Metaspace       used 73355K, capacity 76048K, committed 76160K, reserved 1114112K
  class space    used 10033K, capacity 10592K, committed 10624K, reserved 1048576K
GC Heap History (10 events):
Event: 33.903 GC heap before
{Heap before GC invocations=14 (full 2):
 PSYoungGen      total 97280K, used 97261K [0x00000000e0000000, 0x00000000e8780000, 0x0000000100000000)
  eden space 87040K, 100% used [0x00000000e0000000,0x00000000e5500000,0x00000000e5500000)
  from space 10240K, 99% used [0x00000000e5500000,0x00000000e5efb608,0x00000000e5f00000)
  to   space 11776K, 0% used [0x00000000e7c00000,0x00000000e7c00000,0x00000000e8780000)
 ParOldGen       total 80896K, used 18893K [0x00000000a0000000, 0x00000000a4f00000, 0x00000000e0000000)
  object space 80896K, 23% used [0x00000000a0000000,0x00000000a1273550,0x00000000a4f00000)
 Metaspace       used 50381K, capacity 51652K, committed 51712K, reserved 1093632K
  class space    used 6799K, capacity 7140K, committed 7168K, reserved 1048576K
Event: 33.970 GC heap after
Heap after GC invocations=14 (full 2):
 PSYoungGen      total 126464K, used 9860K [0x00000000e0000000, 0x00000000e8900000, 0x0000000100000000)
  eden space 114688K, 0% used [0x00000000e0000000,0x00000000e0000000,0x00000000e7000000)
  from space 11776K, 83% used [0x00000000e7c00000,0x00000000e85a1378,0x00000000e8780000)
  to   space 12288K, 0% used [0x00000000e7000000,0x00000000e7000000,0x00000000e7c00000)
 ParOldGen       total 80896K, used 24262K [0x00000000a0000000, 0x00000000a4f00000, 0x00000000e0000000)
  object space 80896K, 29% used [0x00000000a0000000,0x00000000a17b1a10,0x00000000a4f00000)
 Metaspace       used 50381K, capacity 51652K, committed 51712K, reserved 1093632K
  class space    used 6799K, capacity 7140K, committed 7168K, reserved 1048576K
}
Event: 41.468 GC heap before
{Heap before GC invocations=15 (full 2):
 PSYoungGen      total 126464K, used 92697K [0x00000000e0000000, 0x00000000e8900000, 0x0000000100000000)
  eden space 114688K, 72% used [0x00000000e0000000,0x00000000e50e5418,0x00000000e7000000)
  from space 11776K, 83% used [0x00000000e7c00000,0x00000000e85a1378,0x00000000e8780000)
  to   space 12288K, 0% used [0x00000000e7000000,0x00000000e7000000,0x00000000e7c00000)
 ParOldGen       total 80896K, used 24262K [0x00000000a0000000, 0x00000000a4f00000, 0x00000000e0000000)
  object space 80896K, 29% used [0x00000000a0000000,0x00000000a17b1a10,0x00000000a4f00000)
 Metaspace       used 57266K, capacity 58932K, committed 59096K, reserved 1099776K
  class space    used 7782K, capacity 8216K, committed 8320K, reserved 1048576K
Event: 41.510 GC heap after
Heap after GC invocations=15 (full 2):
 PSYoungGen      total 126976K, used 8919K [0x00000000e0000000, 0x00000000eaa00000, 0x0000000100000000)
  eden space 114688K, 0% used [0x00000000e0000000,0x00000000e0000000,0x00000000e7000000)
  from space 12288K, 72% used [0x00000000e7000000,0x00000000e78b5e60,0x00000000e7c00000)
  to   space 12288K, 0% used [0x00000000e9e00000,0x00000000e9e00000,0x00000000eaa00000)
 ParOldGen       total 80896K, used 28912K [0x00000000a0000000, 0x00000000a4f00000, 0x00000000e0000000)
  object space 80896K, 35% used [0x00000000a0000000,0x00000000a1c3c280,0x00000000a4f00000)
 Metaspace       used 57266K, capacity 58932K, committed 59096K, reserved 1099776K
  class space    used 7782K, capacity 8216K, committed 8320K, reserved 1048576K
}
Event: 41.510 GC heap before
{Heap before GC invocations=16 (full 3):
 PSYoungGen      total 126976K, used 8919K [0x00000000e0000000, 0x00000000eaa00000, 0x0000000100000000)
  eden space 114688K, 0% used [0x00000000e0000000,0x00000000e0000000,0x00000000e7000000)
  from space 12288K, 72% used [0x00000000e7000000,0x00000000e78b5e60,0x00000000e7c00000)
  to   space 12288K, 0% used [0x00000000e9e00000,0x00000000e9e00000,0x00000000eaa00000)
 ParOldGen       total 80896K, used 28912K [0x00000000a0000000, 0x00000000a4f00000, 0x00000000e0000000)
  object space 80896K, 35% used [0x00000000a0000000,0x00000000a1c3c280,0x00000000a4f00000)
 Metaspace       used 57266K, capacity 58932K, committed 59096K, reserved 1099776K
  class space    used 7782K, capacity 8216K, committed 8320K, reserved 1048576K
Event: 42.852 GC heap after
Heap after GC invocations=16 (full 3):
 PSYoungGen      total 126976K, used 0K [0x00000000e0000000, 0x00000000eaa00000, 0x0000000100000000)
  eden space 114688K, 0% used [0x00000000e0000000,0x00000000e0000000,0x00000000e7000000)
  from space 12288K, 0% used [0x00000000e7000000,0x00000000e7000000,0x00000000e7c00000)
  to   space 12288K, 0% used [0x00000000e9e00000,0x00000000e9e00000,0x00000000eaa00000)
 ParOldGen       total 125440K, used 32912K [0x00000000a0000000, 0x00000000a7a80000, 0x00000000e0000000)
  object space 125440K, 26% used [0x00000000a0000000,0x00000000a2024190,0x00000000a7a80000)
 Metaspace       used 57266K, capacity 58932K, committed 59096K, reserved 1099776K
  class space    used 7782K, capacity 8216K, committed 8320K, reserved 1048576K
}
Event: 51.389 GC heap before
{Heap before GC invocations=17 (full 3):
 PSYoungGen      total 126976K, used 114688K [0x00000000e0000000, 0x00000000eaa00000, 0x0000000100000000)
  eden space 114688K, 100% used [0x00000000e0000000,0x00000000e7000000,0x00000000e7000000)
  from space 12288K, 0% used [0x00000000e7000000,0x00000000e7000000,0x00000000e7c00000)
  to   space 12288K, 0% used [0x00000000e9e00000,0x00000000e9e00000,0x00000000eaa00000)
 ParOldGen       total 125440K, used 32912K [0x00000000a0000000, 0x00000000a7a80000, 0x00000000e0000000)
  object space 125440K, 26% used [0x00000000a0000000,0x00000000a2024190,0x00000000a7a80000)
 Metaspace       used 60243K, capacity 62100K, committed 62208K, reserved 1103872K
  class space    used 8184K, capacity 8634K, committed 8704K, reserved 1048576K
Event: 51.417 GC heap after
Heap after GC invocations=17 (full 3):
 PSYoungGen      total 140288K, used 10271K [0x00000000e0000000, 0x00000000ea880000, 0x0000000100000000)
  eden space 129536K, 0% used [0x00000000e0000000,0x00000000e0000000,0x00000000e7e80000)
  from space 10752K, 95% used [0x00000000e9e00000,0x00000000ea807cd8,0x00000000ea880000)
  to   space 12800K, 0% used [0x00000000e8f80000,0x00000000e8f80000,0x00000000e9c00000)
 ParOldGen       total 125440K, used 32920K [0x00000000a0000000, 0x00000000a7a80000, 0x00000000e0000000)
  object space 125440K, 26% used [0x00000000a0000000,0x00000000a2026190,0x00000000a7a80000)
 Metaspace       used 60243K, capacity 62100K, committed 62208K, reserved 1103872K
  class space    used 8184K, capacity 8634K, committed 8704K, reserved 1048576K
}
Event: 61.195 GC heap before
{Heap before GC invocations=18 (full 3):
 PSYoungGen      total 140288K, used 139807K [0x00000000e0000000, 0x00000000ea880000, 0x0000000100000000)
  eden space 129536K, 100% used [0x00000000e0000000,0x00000000e7e80000,0x00000000e7e80000)
  from space 10752K, 95% used [0x00000000e9e00000,0x00000000ea807cd8,0x00000000ea880000)
  to   space 12800K, 0% used [0x00000000e8f80000,0x00000000e8f80000,0x00000000e9c00000)
 ParOldGen       total 125440K, used 32920K [0x00000000a0000000, 0x00000000a7a80000, 0x00000000e0000000)
  object space 125440K, 26% used [0x00000000a0000000,0x00000000a2026190,0x00000000a7a80000)
 Metaspace       used 68450K, capacity 70622K, committed 70912K, reserved 1110016K
  class space    used 9211K, capacity 9681K, committed 9728K, reserved 1048576K
Event: 61.264 GC heap after
Heap after GC invocations=18 (full 3):
 PSYoungGen      total 158208K, used 12768K [0x00000000e0000000, 0x00000000eaf00000, 0x0000000100000000)
  eden space 145408K, 0% used [0x00000000e0000000,0x00000000e0000000,0x00000000e8e00000)
  from space 12800K, 99% used [0x00000000e8f80000,0x00000000e9bf8060,0x00000000e9c00000)
  to   space 16896K, 0% used [0x00000000e9e80000,0x00000000e9e80000,0x00000000eaf00000)
 ParOldGen       total 125440K, used 40714K [0x00000000a0000000, 0x00000000a7a80000, 0x00000000e0000000)
  object space 125440K, 32% used [0x00000000a0000000,0x00000000a27c2a28,0x00000000a7a80000)
 Metaspace       used 68450K, capacity 70622K, committed 70912K, reserved 1110016K
  class space    used 9211K, capacity 9681K, committed 9728K, reserved 1048576K
}

